<?xml version="1.0" encoding="UTF-8"?>
<!-- Generated by org.testng.reporters.JUnitReportReporter -->
<testsuite hostname="LAPTOP-LFLJ5P2A" failures="0" tests="1" name="TestCases.TestCase2" time="5.107" errors="0" timestamp="2024-02-11T16:19:18 IST" skipped="0">
  <testcase classname="TestCases.TestCase2" name="test2" time="5.107"/>
  <system-out/>
</testsuite> <!-- TestCases.TestCase2 -->
