<?xml version="1.0" encoding="UTF-8"?>
<!-- Generated by org.testng.reporters.JUnitReportReporter -->
<testsuite hostname="LAPTOP-LFLJ5P2A" failures="0" tests="1" name="TestCases.TC_4_VerifyFacebookLogin" time="17.352" errors="0" timestamp="2024-02-11T20:26:14 IST" skipped="0">
  <testcase classname="TestCases.TC_4_VerifyFacebookLogin" name="test4" time="17.352"/>
  <system-out/>
</testsuite> <!-- TestCases.TC_4_VerifyFacebookLogin -->
