<?xml version="1.0" encoding="UTF-8"?>
<!-- Generated by org.testng.reporters.JUnitReportReporter -->
<testsuite hostname="LAPTOP-LFLJ5P2A" failures="0" tests="1" name="TestCases.TestCase3" time="5.684" errors="0" timestamp="2024-02-11T12:56:19 IST" skipped="0">
  <testcase classname="TestCases.TestCase3" name="test3" time="5.684"/>
  <system-out/>
</testsuite> <!-- TestCases.TestCase3 -->
