<?xml version="1.0" encoding="UTF-8"?>
<!-- Generated by org.testng.reporters.JUnitReportReporter -->
<testsuite hostname="LAPTOP-LFLJ5P2A" failures="0" tests="1" name="TestCases.TestCase1" time="5.990" errors="0" timestamp="2024-02-11T12:30:13 IST" skipped="0">
  <testcase classname="TestCases.TestCase1" name="test1" time="5.990"/>
  <system-out/>
</testsuite> <!-- TestCases.TestCase1 -->
