<?xml version="1.0" encoding="UTF-8"?>
<!-- Generated by org.testng.reporters.JUnitReportReporter -->
<testsuite hostname="LAPTOP-LFLJ5P2A" failures="0" tests="1" name="TestCases.TC_1_VerifySignInWithInvalidCredentials" time="4.622" errors="0" timestamp="2024-02-11T22:19:02 IST" skipped="0">
  <testcase classname="TestCases.TC_1_VerifySignInWithInvalidCredentials" name="test1" time="4.622"/>
  <system-out/>
</testsuite> <!-- TestCases.TC_1_VerifySignInWithInvalidCredentials -->
