<?xml version="1.0" encoding="UTF-8"?>
<!-- Generated by org.testng.reporters.JUnitReportReporter -->
<testsuite hostname="LAPTOP-LFLJ5P2A" failures="0" tests="1" name="TestCases.TC_5_VerifyResidentLogin" time="7.999" errors="0" timestamp="2024-02-11T20:25:37 IST" skipped="0">
  <testcase classname="TestCases.TC_5_VerifyResidentLogin" name="test5" time="7.999"/>
  <system-out/>
</testsuite> <!-- TestCases.TC_5_VerifyResidentLogin -->
