<?xml version="1.0" encoding="UTF-8"?>
<!-- Generated by org.testng.reporters.JUnitReportReporter -->
<testsuite hostname="LAPTOP-LFLJ5P2A" failures="0" tests="1" name="TestCases.TC_01VerifySignInWithInvalidCredentials" time="4.938" errors="0" timestamp="2024-02-11T20:19:34 IST" skipped="0">
  <testcase classname="TestCases.TC_01VerifySignInWithInvalidCredentials" name="test1" time="4.938"/>
  <system-out/>
</testsuite> <!-- TestCases.TC_01VerifySignInWithInvalidCredentials -->
